[0.005s] Invoking command in '/home/ros2_explore/build/ros2_base': CMAKE_PREFIX_PATH=${CMAKE_PREFIX_PATH}:/opt/ros/humble /usr/bin/cmake --build /home/ros2_explore/build/ros2_base -- -j24 -l24
[0.026s] [35m[1mConsolidate compiler generated dependencies of target ros2_base__rosidl_generator_c[0m
[0.030s] [  2%] Built target ros2_base__cpp
[0.031s] [  9%] Built target ros2_base__rosidl_generator_c
[0.035s] [  9%] Built target ament_cmake_python_copy_ros2_base
[0.036s] [35m[1mConsolidate compiler generated dependencies of target ros2_base__rosidl_typesupport_cpp[0m
[0.036s] [35m[1mConsolidate compiler generated dependencies of target ros2_base__rosidl_typesupport_fastrtps_cpp[0m
[0.036s] [35m[1mConsolidate compiler generated dependencies of target ros2_base__rosidl_typesupport_introspection_cpp[0m
[0.038s] [35m[1mConsolidate compiler generated dependencies of target ros2_base__rosidl_typesupport_fastrtps_c[0m
[0.038s] [35m[1mConsolidate compiler generated dependencies of target ros2_base__rosidl_typesupport_introspection_c[0m
[0.038s] [35m[1mConsolidate compiler generated dependencies of target ros2_base__rosidl_typesupport_c[0m
[0.046s] [ 16%] Built target ros2_base__rosidl_typesupport_cpp
[0.046s] [ 25%] Built target ros2_base__rosidl_typesupport_introspection_c
[0.046s] [ 30%] Built target ros2_base__rosidl_typesupport_c
[0.047s] [ 37%] Built target ros2_base__rosidl_typesupport_fastrtps_cpp
[0.048s] [ 44%] Built target ros2_base__rosidl_typesupport_fastrtps_c
[0.050s] [ 51%] Built target ros2_base__rosidl_typesupport_introspection_cpp
[0.055s] [35m[1mConsolidate compiler generated dependencies of target topic_pub[0m
[0.056s] [35m[1mConsolidate compiler generated dependencies of target service[0m
[0.056s] [35m[1mConsolidate compiler generated dependencies of target topic_sub[0m
[0.059s] [35m[1mConsolidate compiler generated dependencies of target client[0m
[0.065s] [ 58%] Built target topic_pub
[0.065s] [ 58%] [32mBuilding CXX object CMakeFiles/action_server.dir/src/action_server.cpp.o[0m
[0.066s] [ 60%] [32mBuilding CXX object CMakeFiles/action_client.dir/src/action_client.cpp.o[0m
[0.068s] [ 65%] Built target service
[0.072s] [ 69%] Built target topic_sub
[0.074s] [ 69%] Built target ros2_base
[0.076s] [ 74%] Built target client
[0.084s] [ 76%] Built target ros2_base__py
[0.092s] [ 79%] [32mBuilding C object CMakeFiles/ros2_base__rosidl_generator_py.dir/rosidl_generator_py/ros2_base/action/_count_number_s.c.o[0m
[0.154s] running egg_info
[0.154s] writing ros2_base.egg-info/PKG-INFO
[0.154s] writing dependency_links to ros2_base.egg-info/dependency_links.txt
[0.155s] writing top-level names to ros2_base.egg-info/top_level.txt
[0.156s] reading manifest file 'ros2_base.egg-info/SOURCES.txt'
[0.156s] writing manifest file 'ros2_base.egg-info/SOURCES.txt'
[0.161s] [ 81%] [32m[1mLinking C shared library rosidl_generator_py/ros2_base/libros2_base__rosidl_generator_py.so[0m
[0.169s] [ 81%] Built target ament_cmake_python_build_ros2_base_egg
[0.179s] [01m[K/home/ros2_explore/src/ros2_base/src/action_server.cpp:3:10:[m[K [01;31m[Kfatal error: [m[Kros2_action_example/action/count_number.hpp: No such file or directory
[0.179s]     3 | #include [01;31m[K"ros2_action_example/action/count_number.hpp"[m[K
[0.179s]       |          [01;31m[K^~~~~~~~~~~~~~~~~~~~~~~~~~~~~~~~~~~~~~~~~~~~~[m[K
[0.180s] compilation terminated.
[0.181s] gmake[2]: *** [CMakeFiles/action_server.dir/build.make:76: CMakeFiles/action_server.dir/src/action_server.cpp.o] Error 1
[0.181s] gmake[1]: *** [CMakeFiles/Makefile2:711: CMakeFiles/action_server.dir/all] Error 2
[0.181s] gmake[1]: *** Waiting for unfinished jobs....
[0.181s] [ 81%] Built target ros2_base__rosidl_generator_py
[0.190s] [01m[K/home/ros2_explore/src/ros2_base/src/action_client.cpp:3:10:[m[K [01;31m[Kfatal error: [m[Kros2_action_example/action/count_number.hpp: No such file or directory
[0.190s]     3 | #include [01;31m[K"ros2_action_example/action/count_number.hpp"[m[K
[0.190s]       |          [01;31m[K^~~~~~~~~~~~~~~~~~~~~~~~~~~~~~~~~~~~~~~~~~~~~[m[K
[0.190s] compilation terminated.
[0.192s] gmake[2]: *** [CMakeFiles/action_client.dir/build.make:76: CMakeFiles/action_client.dir/src/action_client.cpp.o] Error 1
[0.192s] gmake[1]: *** [CMakeFiles/Makefile2:738: CMakeFiles/action_client.dir/all] Error 2
[0.193s] gmake: *** [Makefile:146: all] Error 2
[0.194s] Invoked command in '/home/ros2_explore/build/ros2_base' returned '2': CMAKE_PREFIX_PATH=${CMAKE_PREFIX_PATH}:/opt/ros/humble /usr/bin/cmake --build /home/ros2_explore/build/ros2_base -- -j24 -l24
