[01m[K/home/ros2_explore/src/ros2_base/src/action_server.cpp:3:10:[m[K [01;31m[Kfatal error: [m[Kros2_action_example/action/count_number.hpp: No such file or directory
    3 | #include [01;31m[K"ros2_action_example/action/count_number.hpp"[m[K
      |          [01;31m[K^~~~~~~~~~~~~~~~~~~~~~~~~~~~~~~~~~~~~~~~~~~~~[m[K
compilation terminated.
gmake[2]: *** [CMakeFiles/action_server.dir/build.make:76: CMakeFiles/action_server.dir/src/action_server.cpp.o] Error 1
gmake[1]: *** [CMakeFiles/Makefile2:711: CMakeFiles/action_server.dir/all] Error 2
gmake[1]: *** Waiting for unfinished jobs....
[01m[K/home/ros2_explore/src/ros2_base/src/action_client.cpp:3:10:[m[K [01;31m[Kfatal error: [m[Kros2_action_example/action/count_number.hpp: No such file or directory
    3 | #include [01;31m[K"ros2_action_example/action/count_number.hpp"[m[K
      |          [01;31m[K^~~~~~~~~~~~~~~~~~~~~~~~~~~~~~~~~~~~~~~~~~~~~[m[K
compilation terminated.
gmake[2]: *** [CMakeFiles/action_client.dir/build.make:76: CMakeFiles/action_client.dir/src/action_client.cpp.o] Error 1
gmake[1]: *** [CMakeFiles/Makefile2:738: CMakeFiles/action_client.dir/all] Error 2
gmake: *** [Makefile:146: all] Error 2
