-- The C compiler identification is GNU 11.4.0
-- The CXX compiler identification is GNU 11.4.0
-- Detecting C compiler ABI info
-- Detecting C compiler ABI info - done
-- Check for working C compiler: /usr/bin/cc - skipped
-- Detecting C compile features
-- Detecting C compile features - done
-- Detecting CXX compiler ABI info
-- Detecting CXX compiler ABI info - done
-- Check for working CXX compiler: /usr/bin/c++ - skipped
-- Detecting CXX compile features
-- Detecting CXX compile features - done
-- Found ament_cmake: 1.3.11 (/opt/ros/humble/share/ament_cmake/cmake)
-- Found Python3: /usr/bin/python3 (found version "3.10.12") found components: Interpreter 
-- Found rclcpp: 16.0.12 (/opt/ros/humble/share/rclcpp/cmake)
-- Found rosidl_generator_c: 3.1.6 (/opt/ros/humble/share/rosidl_generator_c/cmake)
-- Found rosidl_adapter: 3.1.6 (/opt/ros/humble/share/rosidl_adapter/cmake)
-- Found rosidl_generator_cpp: 3.1.6 (/opt/ros/humble/share/rosidl_generator_cpp/cmake)
-- Using all available rosidl_typesupport_c: rosidl_typesupport_fastrtps_c;rosidl_typesupport_introspection_c
-- Using all available rosidl_typesupport_cpp: rosidl_typesupport_fastrtps_cpp;rosidl_typesupport_introspection_cpp
-- Found rmw_implementation_cmake: 6.1.2 (/opt/ros/humble/share/rmw_implementation_cmake/cmake)
-- Found rmw_fastrtps_cpp: 6.2.7 (/opt/ros/humble/share/rmw_fastrtps_cpp/cmake)
-- Found OpenSSL: /usr/lib/x86_64-linux-gnu/libcrypto.so (found version "3.0.2")  
-- Found FastRTPS: /opt/ros/humble/include  
-- Using RMW implementation 'rmw_fastrtps_cpp' as default
-- Looking for pthread.h
-- Looking for pthread.h - found
-- Performing Test CMAKE_HAVE_LIBC_PTHREAD
-- Performing Test CMAKE_HAVE_LIBC_PTHREAD - Success
-- Found Threads: TRUE  
-- Found rclcpp_action: 16.0.12 (/opt/ros/humble/share/rclcpp_action/cmake)
-- Found std_srvs: 4.8.0 (/opt/ros/humble/share/std_srvs/cmake)
-- Found rosidl_default_generators: 1.2.0 (/opt/ros/humble/share/rosidl_default_generators/cmake)
-- Found ament_cmake_ros: 0.10.0 (/opt/ros/humble/share/ament_cmake_ros/cmake)
-- Using all available rosidl_typesupport_c: rosidl_typesupport_fastrtps_c;rosidl_typesupport_introspection_c
-- Using all available rosidl_typesupport_cpp: rosidl_typesupport_fastrtps_cpp;rosidl_typesupport_introspection_cpp
-- Found PythonInterp: /usr/bin/python3 (found suitable version "3.10.12", minimum required is "3.6") 
-- Found python_cmake_module: 0.10.0 (/opt/ros/humble/share/python_cmake_module/cmake)
-- Found PythonLibs: /usr/lib/x86_64-linux-gnu/libpython3.10.so (found suitable version "3.10.12", minimum required is "3.5") 
-- Using PYTHON_EXECUTABLE: /usr/bin/python3
-- Using PYTHON_INCLUDE_DIRS: /usr/include/python3.10
-- Using PYTHON_LIBRARIES: /usr/lib/x86_64-linux-gnu/libpython3.10.so
-- Found PythonExtra: .so  
-- Found ament_lint_auto: 0.12.12 (/opt/ros/humble/share/ament_lint_auto/cmake)
-- Added test 'cppcheck' to perform static code analysis on C / C++ code
-- Configured cppcheck include dirs: 
-- Configured cppcheck exclude dirs and/or files: 
-- Added test 'flake8' to check Python code syntax and style conventions
-- Added test 'lint_cmake' to check CMake code style
-- Added test 'pep257' to check Python code against some of the docstring style conventions in PEP 257
-- Added test 'uncrustify' to check C / C++ code style
-- Configured uncrustify additional arguments: 
-- Added test 'xmllint' to check XML markup files
-- Configuring done
-- Generating done
-- Build files have been written to: /home/ros2_explore/build/ros2_base
[  2%] [34m[1mGenerating C code for ROS interfaces[0m
[  4%] [34m[1mGenerating C++ code for ROS interfaces[0m
[  4%] Built target ament_cmake_python_copy_ros2_base
running egg_info
creating ros2_base.egg-info
writing ros2_base.egg-info/PKG-INFO
writing dependency_links to ros2_base.egg-info/dependency_links.txt
writing top-level names to ros2_base.egg-info/top_level.txt
writing manifest file 'ros2_base.egg-info/SOURCES.txt'
reading manifest file 'ros2_base.egg-info/SOURCES.txt'
writing manifest file 'ros2_base.egg-info/SOURCES.txt'
[  4%] Built target ament_cmake_python_build_ros2_base_egg
[  6%] [32mBuilding C object CMakeFiles/ros2_base__rosidl_generator_c.dir/rosidl_generator_c/ros2_base/action/detail/count_number__functions.c.o[0m
[  6%] Built target ros2_base__cpp
[ 11%] [34m[1mGenerating C++ type support for eProsima Fast-RTPS[0m
[ 11%] [34m[1mGenerating C++ type support dispatch for ROS interfaces[0m
[ 13%] [34m[1mGenerating C++ introspection for ROS interfaces[0m
[ 16%] [32m[1mLinking C shared library libros2_base__rosidl_generator_c.so[0m
[ 16%] Built target ros2_base__rosidl_generator_c
[ 23%] [34m[1mGenerating C type support for eProsima Fast-RTPS[0m
[ 23%] [34m[1mGenerating C introspection for ROS interfaces[0m
[ 23%] [34m[1mGenerating C type support dispatch for ROS interfaces[0m
[ 25%] [32mBuilding CXX object CMakeFiles/ros2_base__rosidl_typesupport_cpp.dir/rosidl_typesupport_cpp/ros2_base/action/count_number__type_support.cpp.o[0m
[ 27%] [32mBuilding CXX object CMakeFiles/ros2_base__rosidl_typesupport_introspection_cpp.dir/rosidl_typesupport_introspection_cpp/ros2_base/action/detail/count_number__type_support.cpp.o[0m
[ 30%] [32mBuilding CXX object CMakeFiles/ros2_base__rosidl_typesupport_fastrtps_cpp.dir/rosidl_typesupport_fastrtps_cpp/ros2_base/action/detail/dds_fastrtps/count_number__type_support.cpp.o[0m
[ 32%] [32mBuilding CXX object CMakeFiles/ros2_base__rosidl_typesupport_c.dir/rosidl_typesupport_c/ros2_base/action/count_number__type_support.cpp.o[0m
[ 34%] [32m[1mLinking CXX shared library libros2_base__rosidl_typesupport_c.so[0m
[ 37%] [32mBuilding C object CMakeFiles/ros2_base__rosidl_typesupport_introspection_c.dir/rosidl_typesupport_introspection_c/ros2_base/action/detail/count_number__type_support.c.o[0m
[ 37%] Built target ros2_base__rosidl_typesupport_c
[ 39%] [32mBuilding CXX object CMakeFiles/ros2_base__rosidl_typesupport_fastrtps_c.dir/rosidl_typesupport_fastrtps_c/ros2_base/action/detail/count_number__type_support_c.cpp.o[0m
[ 41%] [32m[1mLinking C shared library libros2_base__rosidl_typesupport_introspection_c.so[0m
[ 41%] Built target ros2_base__rosidl_typesupport_introspection_c
[ 44%] [32m[1mLinking CXX shared library libros2_base__rosidl_typesupport_cpp.so[0m
[ 44%] Built target ros2_base__rosidl_typesupport_cpp
[ 48%] [32mBuilding CXX object CMakeFiles/service.dir/src/service.cpp.o[0m
[ 51%] [32mBuilding CXX object CMakeFiles/topic_sub.dir/src/topic_sub.cpp.o[0m
[ 51%] [32mBuilding CXX object CMakeFiles/topic_pub.dir/src/topic_pub.cpp.o[0m
[ 53%] [32mBuilding CXX object CMakeFiles/client.dir/src/client.cpp.o[0m
[ 55%] [32mBuilding CXX object CMakeFiles/action_server.dir/src/action_server.cpp.o[0m
[ 58%] [32mBuilding CXX object CMakeFiles/action_client.dir/src/action_client.cpp.o[0m
[ 60%] [32m[1mLinking CXX shared library libros2_base__rosidl_typesupport_introspection_cpp.so[0m
[ 62%] [32m[1mLinking CXX shared library libros2_base__rosidl_typesupport_fastrtps_c.so[0m
[ 65%] [32m[1mLinking CXX shared library libros2_base__rosidl_typesupport_fastrtps_cpp.so[0m
[ 65%] Built target ros2_base__rosidl_typesupport_introspection_cpp
[ 65%] Built target ros2_base__rosidl_typesupport_fastrtps_c
[ 65%] Built target ros2_base__rosidl_typesupport_fastrtps_cpp
[ 65%] Built target ros2_base
[01m[K/home/ros2_explore/src/ros2_base/src/action_server.cpp:3:10:[m[K [01;31m[Kfatal error: [m[Kros2_action_example/action/count_number.hpp: No such file or directory
    3 | #include [01;31m[K"ros2_action_example/action/count_number.hpp"[m[K
      |          [01;31m[K^~~~~~~~~~~~~~~~~~~~~~~~~~~~~~~~~~~~~~~~~~~~~[m[K
compilation terminated.
gmake[2]: *** [CMakeFiles/action_server.dir/build.make:76: CMakeFiles/action_server.dir/src/action_server.cpp.o] Error 1
[ 67%] [34m[1mGenerating Python code for ROS interfaces[0m
gmake[1]: *** [CMakeFiles/Makefile2:711: CMakeFiles/action_server.dir/all] Error 2
gmake[1]: *** Waiting for unfinished jobs....
[01m[K/home/ros2_explore/src/ros2_base/src/action_client.cpp:3:10:[m[K [01;31m[Kfatal error: [m[Kros2_action_example/action/count_number.hpp: No such file or directory
    3 | #include [01;31m[K"ros2_action_example/action/count_number.hpp"[m[K
      |          [01;31m[K^~~~~~~~~~~~~~~~~~~~~~~~~~~~~~~~~~~~~~~~~~~~~[m[K
compilation terminated.
gmake[2]: *** [CMakeFiles/action_client.dir/build.make:76: CMakeFiles/action_client.dir/src/action_client.cpp.o] Error 1
gmake[1]: *** [CMakeFiles/Makefile2:738: CMakeFiles/action_client.dir/all] Error 2
[ 67%] Built target ros2_base__py
[ 69%] [32m[1mLinking CXX executable service[0m
[ 72%] [32m[1mLinking CXX executable client[0m
[ 72%] Built target service
[ 72%] Built target client
[ 74%] [32m[1mLinking CXX executable topic_pub[0m
[ 74%] Built target topic_pub
[ 76%] [32m[1mLinking CXX executable topic_sub[0m
[ 76%] Built target topic_sub
gmake: *** [Makefile:146: all] Error 2
